0 info it worked if it ends with ok
1 verbose cli [ '/usr/local/Cellar/node/7.4.0/bin/node',
1 verbose cli   '/usr/local/bin/npm',
1 verbose cli   'run',
1 verbose cli   'build' ]
2 info using npm@4.0.5
3 info using node@v7.4.0
4 verbose run-script [ 'prebuild', 'build', 'postbuild' ]
5 info lifecycle OctoPrint-Slicer@~prebuild: OctoPrint-Slicer@
6 silly lifecycle OctoPrint-Slicer@~prebuild: no script for prebuild, continuing
7 info lifecycle OctoPrint-Slicer@~build: OctoPrint-Slicer@
8 verbose lifecycle OctoPrint-Slicer@~build: unsafe-perm in lifecycle true
9 verbose lifecycle OctoPrint-Slicer@~build: PATH: /usr/local/lib/node_modules/npm/bin/node-gyp-bin:/Users/kenneth/Projects/OctoPrint-Slicer/node_modules/.bin:/Users/kenneth/.rvm/gems/ruby-2.2.4/bin:/Users/kenneth/.rvm/gems/ruby-2.2.4@global/bin:/Users/kenneth/.rvm/rubies/ruby-2.2.4/bin:/usr/local/heroku/bin:/usr/local/bin:/usr/local/sbin:/usr/bin:/bin:/usr/sbin:/sbin:/opt/X11/bin:/usr/local/MacGPG2/bin:/Applications/Wireshark.app/Contents/MacOS:/Users/kenneth/.rvm/bin
10 verbose lifecycle OctoPrint-Slicer@~build: CWD: /Users/kenneth/Projects/OctoPrint-Slicer
11 silly lifecycle OctoPrint-Slicer@~build: Args: [ '-c', 'rollup -c' ]
12 silly lifecycle OctoPrint-Slicer@~build: Returned: code: 1  signal: null
13 info lifecycle OctoPrint-Slicer@~build: Failed to exec build script
14 verbose stack Error: OctoPrint-Slicer@ build: `rollup -c`
14 verbose stack Exit status 1
14 verbose stack     at EventEmitter.<anonymous> (/usr/local/lib/node_modules/npm/lib/utils/lifecycle.js:279:16)
14 verbose stack     at emitTwo (events.js:106:13)
14 verbose stack     at EventEmitter.emit (events.js:191:7)
14 verbose stack     at ChildProcess.<anonymous> (/usr/local/lib/node_modules/npm/lib/utils/spawn.js:40:14)
14 verbose stack     at emitTwo (events.js:106:13)
14 verbose stack     at ChildProcess.emit (events.js:191:7)
14 verbose stack     at maybeClose (internal/child_process.js:885:16)
14 verbose stack     at Process.ChildProcess._handle.onexit (internal/child_process.js:226:5)
15 verbose pkgid OctoPrint-Slicer@
16 verbose cwd /Users/kenneth/Projects/OctoPrint-Slicer/lib
17 error Darwin 15.6.0
18 error argv "/usr/local/Cellar/node/7.4.0/bin/node" "/usr/local/bin/npm" "run" "build"
19 error node v7.4.0
20 error npm  v4.0.5
21 error code ELIFECYCLE
22 error OctoPrint-Slicer@ build: `rollup -c`
22 error Exit status 1
23 error Failed at the OctoPrint-Slicer@ build script 'rollup -c'.
23 error Make sure you have the latest version of node.js and npm installed.
23 error If you do, this is most likely a problem with the OctoPrint-Slicer package,
23 error not with npm itself.
23 error Tell the author that this fails on your system:
23 error     rollup -c
23 error You can get information on how to open an issue for this project with:
23 error     npm bugs OctoPrint-Slicer
23 error Or if that isn't available, you can get their info via:
23 error     npm owner ls OctoPrint-Slicer
23 error There is likely additional logging output above.
24 verbose exit [ 1, true ]
